<?xml version="1.0" encoding="UTF-8"?>
<testng-results ignored="0" total="1" passed="1" failed="0" skipped="0">
  <reporter-output>
  </reporter-output>
  <suite started-at="2020-06-24T13:26:57 PDT" name="Default suite" finished-at="2020-06-24T13:27:02 PDT" duration-ms="4701">
    <groups>
    </groups>
    <test started-at="2020-06-24T13:26:57 PDT" name="Default test" finished-at="2020-06-24T13:27:02 PDT" duration-ms="4701">
      <class name="tests.mainTester">
        <test-method is-config="true" signature="setup()[pri:0, instance:tests.mainTester@2133814f]" started-at="2020-06-24T13:26:57 PDT" name="setup" finished-at="2020-06-24T13:26:58 PDT" duration-ms="1221" status="PASS">
          <reporter-output>
          </reporter-output>
        </test-method> <!-- setup -->
        <test-method signature="testYoutube()[pri:0, instance:tests.mainTester@2133814f]" started-at="2020-06-24T13:26:58 PDT" name="testYoutube" finished-at="2020-06-24T13:27:02 PDT" duration-ms="3388" status="PASS">
          <reporter-output>
          </reporter-output>
        </test-method> <!-- testYoutube -->
        <test-method is-config="true" signature="teardown()[pri:0, instance:tests.mainTester@2133814f]" started-at="2020-06-24T13:27:02 PDT" name="teardown" finished-at="2020-06-24T13:27:02 PDT" duration-ms="72" status="PASS">
          <reporter-output>
          </reporter-output>
        </test-method> <!-- teardown -->
      </class> <!-- tests.mainTester -->
    </test> <!-- Default test -->
  </suite> <!-- Default suite -->
</testng-results>
